<?xml version="1.0" encoding="UTF-8"?>
<testsuite xmlns:xsi="http://www.w3.org/2001/XMLSchema-instance" xsi:noNamespaceSchemaLocation="https://maven.apache.org/surefire/maven-surefire-plugin/xsd/surefire-test-report-3.0.xsd" version="3.0" name="org.example.DAOTest.UserDAOTest" time="6.596" tests="3" errors="0" skipped="0" failures="0">
  <properties>
[...]
</properties>
  <testcase name="verifyUser" classname="org.example.DAOTest.UserDAOTest" time="0.46">
    <system-out><![CDATA[Hibernate Java Config serviceRegistry created
Hibernate: alter table if exists car drop constraint if exists FKp2mae9c14a8056x5jh8yt41ls
Hibernate: alter table if exists user_roles drop constraint if exists FK53v9b6vwc56nm9llvcdhs8y8f
Hibernate: alter table if exists user_roles drop constraint if exists FKscvbq0n9bo03s7w6ujfyrtg4a
Hibernate: drop table if exists car cascade
Hibernate: drop table if exists role cascade
Hibernate: drop table if exists seller cascade
Hibernate: drop table if exists user_roles cascade
Hibernate: drop table if exists users cascade
Hibernate: create table car (first_registration_date date, id serial not null, price float(53), seller_id integer, year integer, brand varchar(255), make varchar(255), model varchar(255), primary key (id))
Hibernate: create table role (name varchar(255) not null, primary key (name))
Hibernate: create table seller (id serial not null, city varchar(255), email varchar(255), first_name varchar(255), last_name varchar(255), phone varchar(255), primary key (id))
Hibernate: create table user_roles (role_name varchar(255) not null, user_name varchar(255) not null, primary key (role_name, user_name))
Hibernate: create table users (password varchar(255), username varchar(255) not null, primary key (username))
Hibernate: alter table if exists car add constraint FKp2mae9c14a8056x5jh8yt41ls foreign key (seller_id) references seller
Hibernate: alter table if exists user_roles add constraint FK53v9b6vwc56nm9llvcdhs8y8f foreign key (role_name) references role
Hibernate: alter table if exists user_roles add constraint FKscvbq0n9bo03s7w6ujfyrtg4a foreign key (user_name) references users
Hibernate: delete from user_roles
Hibernate: delete from users
Hibernate: delete from user_roles
Hibernate: delete from role
Hibernate: insert into role (name) values (?)
Hibernate: insert into role (name) values (?)
Hibernate: select r1_0.name from role r1_0 where r1_0.name=?
Hibernate: insert into role (name) values (?)
Hibernate: insert into users (password,username) values (?,?)
Hibernate: insert into user_roles (user_name,role_name) values (?,?)
Hibernate: select u1_0.username,u1_0.password from users u1_0 where u1_0.username=?
]]></system-out>
    <system-err><![CDATA[maj 06, 2024 9:49:00 AM org.hibernate.Version logVersion
INFO: HHH000412: Hibernate ORM core version 6.2.4.Final
maj 06, 2024 9:49:00 AM org.hibernate.cfg.Environment <clinit>
INFO: HHH000406: Using bytecode reflection optimizer
maj 06, 2024 9:49:01 AM org.hibernate.engine.jdbc.connections.internal.DriverManagerConnectionProviderImpl configure
WARN: HHH10001002: Using built-in connection pool (not intended for production use)
maj 06, 2024 9:49:01 AM org.hibernate.engine.jdbc.connections.internal.DriverManagerConnectionProviderImpl buildCreator
INFO: HHH10001005: Loaded JDBC driver class: org.testcontainers.jdbc.ContainerDatabaseDriver
maj 06, 2024 9:49:01 AM org.hibernate.engine.jdbc.connections.internal.DriverManagerConnectionProviderImpl buildCreator
INFO: HHH10001012: Connecting with JDBC URL [jdbc:tc:postgresql:15.3-alpine3.18:///test-db]
maj 06, 2024 9:49:01 AM org.hibernate.engine.jdbc.connections.internal.DriverManagerConnectionProviderImpl buildCreator
INFO: HHH10001001: Connection properties: {password=****, user=postgres}
maj 06, 2024 9:49:01 AM org.hibernate.engine.jdbc.connections.internal.DriverManagerConnectionProviderImpl buildCreator
INFO: HHH10001003: Autocommit mode: false
maj 06, 2024 9:49:01 AM org.hibernate.engine.jdbc.connections.internal.DriverManagerConnectionProviderImpl$PooledConnections <init>
INFO: HHH10001115: Connection pool size: 20 (min=1)
[main] INFO org.testcontainers.images.PullPolicy - Image pull policy will be performed by: DefaultPullPolicy()
[main] INFO org.testcontainers.utility.ImageNameSubstitutor - Image name substitution will be performed by: DefaultImageNameSubstitutor (composite of 'ConfigurationFileImageNameSubstitutor' and 'PrefixingImageNameSubstitutor')
[main] INFO org.testcontainers.dockerclient.DockerClientProviderStrategy - Loaded org.testcontainers.dockerclient.UnixSocketClientProviderStrategy from ~/.testcontainers.properties, will try it first
[main] INFO org.testcontainers.dockerclient.DockerClientProviderStrategy - Found Docker environment with local Unix socket (unix:///var/run/docker.sock)
[main] INFO org.testcontainers.DockerClientFactory - Docker host IP address is localhost
[main] INFO org.testcontainers.DockerClientFactory - Connected to docker: 
  Server Version: 24.0.6
  API Version: 1.43
  Operating System: Docker Desktop
  Total Memory: 3932 MB
[main] INFO tc.testcontainers/ryuk:0.6.0 - Creating container for image: testcontainers/ryuk:0.6.0
[main] INFO org.testcontainers.utility.RegistryAuthLocator - Credential helper/store (docker-credential-desktop) does not have credentials for https://index.docker.io/v1/
[main] INFO tc.testcontainers/ryuk:0.6.0 - Container testcontainers/ryuk:0.6.0 is starting: 5c3624774b402a277aab31f8d9d23fd9843fa3e975e63561d0e91c360133d37c
[main] INFO tc.testcontainers/ryuk:0.6.0 - Container testcontainers/ryuk:0.6.0 started in PT1.433675S
[main] INFO org.testcontainers.utility.RyukResourceReaper - Ryuk started - will monitor and terminate Testcontainers containers on JVM exit
[main] INFO org.testcontainers.DockerClientFactory - Checking the system...
[main] INFO org.testcontainers.DockerClientFactory - ✔︎ Docker server version should be at least 1.6.0
[main] INFO tc.postgres:15.3-alpine3.18 - Creating container for image: postgres:15.3-alpine3.18
[main] INFO tc.postgres:15.3-alpine3.18 - Container postgres:15.3-alpine3.18 is starting: 6ada408c78cd084877fa5c84b98e3929eeed9688d76992bfff149fac9abcb058
[main] INFO tc.postgres:15.3-alpine3.18 - Container postgres:15.3-alpine3.18 started in PT1.031134S
[main] INFO tc.postgres:15.3-alpine3.18 - Container is started (JDBC URL: jdbc:postgresql://localhost:59504/test?loggerLevel=OFF)
maj 06, 2024 9:49:04 AM org.hibernate.bytecode.internal.BytecodeProviderInitiator buildBytecodeProvider
INFO: HHH000021: Bytecode provider name : bytebuddy
maj 06, 2024 9:49:05 AM org.hibernate.engine.transaction.jta.platform.internal.JtaPlatformInitiator initiateService
INFO: HHH000490: Using JtaPlatform implementation: [org.hibernate.engine.transaction.jta.platform.internal.NoJtaPlatform]
maj 06, 2024 9:49:05 AM org.hibernate.resource.transaction.backend.jdbc.internal.DdlTransactionIsolatorNonJtaImpl getIsolatedConnection
INFO: HHH10001501: Connection obtained from JdbcConnectionAccess [org.hibernate.engine.jdbc.env.internal.JdbcEnvironmentInitiator$ConnectionProviderJdbcConnectionAccess@6e364f1f] for (non-JTA) DDL execution was not in auto-commit mode; the Connection 'local transaction' will be committed and the Connection will be set into auto-commit mode.
maj 06, 2024 9:49:05 AM org.hibernate.engine.jdbc.spi.SqlExceptionHelper$StandardWarningHandler logWarning
WARN: SQL Warning Code: 0, SQLState: 00000
maj 06, 2024 9:49:05 AM org.hibernate.engine.jdbc.spi.SqlExceptionHelper$StandardWarningHandler logWarning
WARN: relation "car" does not exist, skipping
maj 06, 2024 9:49:05 AM org.hibernate.engine.jdbc.spi.SqlExceptionHelper$StandardWarningHandler logWarning
WARN: SQL Warning Code: 0, SQLState: 00000
maj 06, 2024 9:49:05 AM org.hibernate.engine.jdbc.spi.SqlExceptionHelper$StandardWarningHandler logWarning
WARN: relation "user_roles" does not exist, skipping
maj 06, 2024 9:49:05 AM org.hibernate.engine.jdbc.spi.SqlExceptionHelper$StandardWarningHandler logWarning
WARN: SQL Warning Code: 0, SQLState: 00000
maj 06, 2024 9:49:05 AM org.hibernate.engine.jdbc.spi.SqlExceptionHelper$StandardWarningHandler logWarning
WARN: relation "user_roles" does not exist, skipping
maj 06, 2024 9:49:05 AM org.hibernate.engine.jdbc.spi.SqlExceptionHelper$StandardWarningHandler logWarning
WARN: SQL Warning Code: 0, SQLState: 00000
maj 06, 2024 9:49:05 AM org.hibernate.engine.jdbc.spi.SqlExceptionHelper$StandardWarningHandler logWarning
WARN: table "car" does not exist, skipping
maj 06, 2024 9:49:05 AM org.hibernate.engine.jdbc.spi.SqlExceptionHelper$StandardWarningHandler logWarning
WARN: SQL Warning Code: 0, SQLState: 00000
maj 06, 2024 9:49:05 AM org.hibernate.engine.jdbc.spi.SqlExceptionHelper$StandardWarningHandler logWarning
WARN: table "role" does not exist, skipping
maj 06, 2024 9:49:05 AM org.hibernate.engine.jdbc.spi.SqlExceptionHelper$StandardWarningHandler logWarning
WARN: SQL Warning Code: 0, SQLState: 00000
maj 06, 2024 9:49:05 AM org.hibernate.engine.jdbc.spi.SqlExceptionHelper$StandardWarningHandler logWarning
WARN: table "seller" does not exist, skipping
maj 06, 2024 9:49:05 AM org.hibernate.engine.jdbc.spi.SqlExceptionHelper$StandardWarningHandler logWarning
WARN: SQL Warning Code: 0, SQLState: 00000
maj 06, 2024 9:49:05 AM org.hibernate.engine.jdbc.spi.SqlExceptionHelper$StandardWarningHandler logWarning
WARN: table "user_roles" does not exist, skipping
maj 06, 2024 9:49:05 AM org.hibernate.engine.jdbc.spi.SqlExceptionHelper$StandardWarningHandler logWarning
WARN: SQL Warning Code: 0, SQLState: 00000
maj 06, 2024 9:49:05 AM org.hibernate.engine.jdbc.spi.SqlExceptionHelper$StandardWarningHandler logWarning
WARN: table "users" does not exist, skipping
maj 06, 2024 9:49:05 AM org.hibernate.resource.transaction.backend.jdbc.internal.DdlTransactionIsolatorNonJtaImpl getIsolatedConnection
INFO: HHH10001501: Connection obtained from JdbcConnectionAccess [org.hibernate.engine.jdbc.env.internal.JdbcEnvironmentInitiator$ConnectionProviderJdbcConnectionAccess@6e981e78] for (non-JTA) DDL execution was not in auto-commit mode; the Connection 'local transaction' will be committed and the Connection will be set into auto-commit mode.
]]></system-err>
  </testcase>
  <testcase name="createUser" classname="org.example.DAOTest.UserDAOTest" time="0.11">
    <system-out><![CDATA[Hibernate: delete from user_roles
Hibernate: delete from users
Hibernate: delete from user_roles
Hibernate: delete from role
Hibernate: insert into role (name) values (?)
Hibernate: insert into role (name) values (?)
Hibernate: select r1_0.name from role r1_0 where r1_0.name=?
Hibernate: insert into role (name) values (?)
Hibernate: insert into users (password,username) values (?,?)
Hibernate: insert into user_roles (user_name,role_name) values (?,?)
]]></system-out>
  </testcase>
  <testcase name="updatePassword" classname="org.example.DAOTest.UserDAOTest" time="0.401">
    <system-out><![CDATA[Hibernate: delete from user_roles
Hibernate: delete from users
Hibernate: delete from user_roles
Hibernate: delete from role
Hibernate: insert into role (name) values (?)
Hibernate: insert into role (name) values (?)
Hibernate: insert into users (password,username) values (?,?)
Hibernate: select u1_0.username,u1_0.password from users u1_0 where u1_0.username=?
Hibernate: update users set password=? where username=?
Hibernate: select u1_0.username,u1_0.password from users u1_0 where u1_0.username=?
]]></system-out>
  </testcase>
</testsuite>